<?xml version="1.0" encoding="UTF-8"?>
<!-- Generated by org.testng.reporters.JUnitReportReporter -->
<testsuite hostname="WINDOWS-RM6RKV3" failures="0" tests="4" name="Login.LoginPage" time="8.565" errors="0" timestamp="2021-08-12T18:31:31 IST" skipped="0">
  <testcase classname="Login.LoginPage" name="logintoapp" time="6.850"/>
  <system-out/>
  <testcase classname="Login.LoginPage" name="signtoapp" time="0.708"/>
  <system-out/>
  <testcase classname="Login.LoginPage" name="getemailpwd" time="0.549"/>
  <system-out/>
  <testcase classname="Login.LoginPage" name="getemailpwd" time="0.458"/>
  <system-out/>
</testsuite> <!-- Login.LoginPage -->
