<?xml version="1.0" encoding="UTF-8"?>
<!-- Generated by org.testng.reporters.JUnitReportReporter -->
<testsuite hostname="WINDOWS-RM6RKV3" failures="0" tests="1" name="Login.ValidateNavigation" time="0.150" errors="0" timestamp="2021-08-13T00:57:45 IST" skipped="0">
  <testcase classname="Login.ValidateNavigation" name="navigateContacts" time="0.150"/>
  <system-out/>
</testsuite> <!-- Login.ValidateNavigation -->
