<?xml version="1.0" encoding="UTF-8"?>
<!-- Generated by org.testng.reporters.JUnitReportReporter -->
<testsuite hostname="WINDOWS-RM6RKV3" failures="0" tests="3" name="Login.LoginPage" time="7.745" errors="0" timestamp="2021-08-12T16:00:30 IST" skipped="0">
  <testcase classname="Login.LoginPage" name="logintoapp" time="6.357"/>
  <system-out/>
  <testcase classname="Login.LoginPage" name="signtoapp" time="0.818"/>
  <system-out/>
  <testcase classname="Login.LoginPage" name="getemailpwd" time="0.570"/>
  <system-out/>
</testsuite> <!-- Login.LoginPage -->
