<?xml version="1.0" encoding="UTF-8"?>
<!-- Generated by org.testng.reporters.JUnitReportReporter -->
<testsuite hostname="WINDOWS-RM6RKV3" failures="0" tests="1" name="PageObject.LoginPage" time="11.437" errors="0" timestamp="2021-08-12T14:52:17 IST" skipped="0">
  <testcase classname="PageObject.LoginPage" name="logintoapp" time="11.437"/>
  <system-out/>
</testsuite> <!-- PageObject.LoginPage -->
