<?xml version="1.0" encoding="UTF-8"?>
<!-- Generated by org.testng.reporters.JUnitReportReporter -->
<testsuite hostname="WINDOWS-RM6RKV3" failures="0" tests="3" name="Login.LoginPage" time="18.067" errors="0" timestamp="2021-08-13T00:57:45 IST" skipped="0">
  <testcase classname="Login.LoginPage" name="signtoapp" time="11.172"/>
  <system-out/>
  <testcase classname="Login.LoginPage" name="getemailpwd" time="3.371"/>
  <system-out/>
  <testcase classname="Login.LoginPage" name="getemailpwd" time="3.524"/>
  <system-out/>
</testsuite> <!-- Login.LoginPage -->
