<?xml version="1.0" encoding="UTF-8"?>
<!-- Generated by org.testng.reporters.JUnitReportReporter -->
<testsuite hostname="WINDOWS-RM6RKV3" failures="0" tests="1" name="Login.PageTitle" time="0.043" errors="0" timestamp="2021-08-12T22:30:38 IST" skipped="0">
  <testcase classname="Login.PageTitle" name="logintoapp" time="0.043"/>
  <system-out/>
</testsuite> <!-- Login.PageTitle -->
